--------------- Clean Started: 03/01/2017 17:54:50 Project: WW101-Bootloader, Configuration: ARM GCC 5.4-2016-q2-update Release ---------------
Deleting file ".\CortexM0p\ARM_GCC_541\Release\main.o"
Deleting file ".\CortexM0p\ARM_GCC_541\Release\cyfitter_cfg.o"
Deleting file ".\CortexM0p\ARM_GCC_541\Release\cymetadata.o"
Deleting file ".\CortexM0p\ARM_GCC_541\Release\I2C_Slave.o"
Deleting file ".\CortexM0p\ARM_GCC_541\Release\I2C_Slave_I2C_INT.o"
Deleting file ".\CortexM0p\ARM_GCC_541\Release\I2C_Slave_I2C.o"
Deleting file ".\CortexM0p\ARM_GCC_541\Release\I2C_Slave_I2C_BOOT.o"
Deleting file ".\CortexM0p\ARM_GCC_541\Release\I2C_Slave_I2C_SLAVE.o"
Deleting file ".\CortexM0p\ARM_GCC_541\Release\I2C_Slave_PM.o"
Deleting file ".\CortexM0p\ARM_GCC_541\Release\I2C_Slave_BOOT.o"
Deleting file ".\CortexM0p\ARM_GCC_541\Release\Bootloader.o"
Deleting file ".\CortexM0p\ARM_GCC_541\Release\Bootloader_Status1.o"
Deleting file ".\CortexM0p\ARM_GCC_541\Release\Bootloader_Status1_PM.o"
Deleting file ".\CortexM0p\ARM_GCC_541\Release\PWM_1.o"
Deleting file ".\CortexM0p\ARM_GCC_541\Release\PWM_1_PM.o"
Deleting file ".\CortexM0p\ARM_GCC_541\Release\Bootloader_Status2.o"
Deleting file ".\CortexM0p\ARM_GCC_541\Release\Bootloader_Status2_PM.o"
Deleting file ".\CortexM0p\ARM_GCC_541\Release\PWM_2.o"
Deleting file ".\CortexM0p\ARM_GCC_541\Release\PWM_2_PM.o"
Deleting file ".\CortexM0p\ARM_GCC_541\Release\Clock_1.o"
Deleting file ".\CortexM0p\ARM_GCC_541\Release\Clock_2.o"
Deleting file ".\CortexM0p\ARM_GCC_541\Release\I2C_Slave_SCBCLK.o"
Deleting file ".\CortexM0p\ARM_GCC_541\Release\I2C_Slave_sda.o"
Deleting file ".\CortexM0p\ARM_GCC_541\Release\I2C_Slave_sda_PM.o"
Deleting file ".\CortexM0p\ARM_GCC_541\Release\I2C_Slave_scl.o"
Deleting file ".\CortexM0p\ARM_GCC_541\Release\I2C_Slave_scl_PM.o"
Deleting file ".\CortexM0p\ARM_GCC_541\Release\I2C_Slave_SCB_IRQ.o"
Deleting file ".\CortexM0p\ARM_GCC_541\Release\Cm0plusStart.o"
Deleting file ".\CortexM0p\ARM_GCC_541\Release\CyFlash.o"
Deleting file ".\CortexM0p\ARM_GCC_541\Release\CyLib.o"
Deleting file ".\CortexM0p\ARM_GCC_541\Release\cyPm.o"
Deleting file ".\CortexM0p\ARM_GCC_541\Release\cyutils.o"
Deleting file ".\CortexM0p\ARM_GCC_541\Release\CyBootAsmGnu.o"
Deleting file ".\CortexM0p\ARM_GCC_541\Release\CyDMA.o"
Deleting file ".\CortexM0p\ARM_GCC_541\Release\CyLFClk.o"
Deleting file ".\CortexM0p\ARM_GCC_541\Release\WW101-Bootloader.hex"
Deleting file ".\CortexM0p\ARM_GCC_541\Release\WW101-Bootloader.elf"
Deleting file ".\CortexM0p\ARM_GCC_541\Release\WW101-Bootloader.map"
Deleting file ".\WW101-Bootloader.cycdx"
Deleting file ".\WW101-Bootloader.rpt"
Deleting file ".\CortexM0p\ARM_GCC_541\Release\.deps\SOURCE_C__ARM_GCC_GENERIC.P"
--------------- Clean Succeeded: 03/01/2017 17:54:51 ---------------
