--------------- Rebuild Started: 10/09/2017 10:56:12 Project: Bootloader, Configuration: ARM GCC 5.4-2016-q2-update Release ---------------
Deleting file ".\CortexM0p\ARM_GCC_541\Release\main.o"
Deleting file ".\CortexM0p\ARM_GCC_541\Release\cyfitter_cfg.o"
Deleting file ".\CortexM0p\ARM_GCC_541\Release\cymetadata.o"
Deleting file ".\CortexM0p\ARM_GCC_541\Release\I2C_Slave.o"
Deleting file ".\CortexM0p\ARM_GCC_541\Release\I2C_Slave_I2C_INT.o"
Deleting file ".\CortexM0p\ARM_GCC_541\Release\I2C_Slave_I2C.o"
Deleting file ".\CortexM0p\ARM_GCC_541\Release\I2C_Slave_I2C_BOOT.o"
Deleting file ".\CortexM0p\ARM_GCC_541\Release\I2C_Slave_I2C_SLAVE.o"
Deleting file ".\CortexM0p\ARM_GCC_541\Release\I2C_Slave_PM.o"
Deleting file ".\CortexM0p\ARM_GCC_541\Release\I2C_Slave_BOOT.o"
Deleting file ".\CortexM0p\ARM_GCC_541\Release\Bootloader.o"
Deleting file ".\CortexM0p\ARM_GCC_541\Release\Bootloader_Status1.o"
Deleting file ".\CortexM0p\ARM_GCC_541\Release\Bootloader_Status1_PM.o"
Deleting file ".\CortexM0p\ARM_GCC_541\Release\PWM_1.o"
Deleting file ".\CortexM0p\ARM_GCC_541\Release\PWM_1_PM.o"
Deleting file ".\CortexM0p\ARM_GCC_541\Release\Bootloader_Status2.o"
Deleting file ".\CortexM0p\ARM_GCC_541\Release\Bootloader_Status2_PM.o"
Deleting file ".\CortexM0p\ARM_GCC_541\Release\Clock_2.o"
Deleting file ".\CortexM0p\ARM_GCC_541\Release\I2C_Slave_SCBCLK.o"
Deleting file ".\CortexM0p\ARM_GCC_541\Release\I2C_Slave_sda.o"
Deleting file ".\CortexM0p\ARM_GCC_541\Release\I2C_Slave_sda_PM.o"
Deleting file ".\CortexM0p\ARM_GCC_541\Release\I2C_Slave_scl.o"
Deleting file ".\CortexM0p\ARM_GCC_541\Release\I2C_Slave_scl_PM.o"
Deleting file ".\CortexM0p\ARM_GCC_541\Release\I2C_Slave_SCB_IRQ.o"
Deleting file ".\CortexM0p\ARM_GCC_541\Release\Cm0plusStart.o"
Deleting file ".\CortexM0p\ARM_GCC_541\Release\CyFlash.o"
Deleting file ".\CortexM0p\ARM_GCC_541\Release\CyLib.o"
Deleting file ".\CortexM0p\ARM_GCC_541\Release\cyPm.o"
Deleting file ".\CortexM0p\ARM_GCC_541\Release\cyutils.o"
Deleting file ".\CortexM0p\ARM_GCC_541\Release\CyBootAsmGnu.o"
Deleting file ".\CortexM0p\ARM_GCC_541\Release\CyDMA.o"
Deleting file ".\CortexM0p\ARM_GCC_541\Release\CyLFClk.o"
Deleting file ".\CortexM0p\ARM_GCC_541\Release\Bootloader.hex"
Deleting file ".\CortexM0p\ARM_GCC_541\Release\Bootloader.elf"
Deleting file ".\CortexM0p\ARM_GCC_541\Release\Bootloader.map"
Deleting file ".\Bootloader.cycdx"
Deleting file ".\Bootloader.rpt"
Deleting file ".\CortexM0p\ARM_GCC_541\Release\.deps\SOURCE_C__ARM_GCC_GENERIC.P"
cydsfit.exe -.appdatapath "C:\Users\gjl\AppData\Local\Cypress Semiconductor\PSoC Creator\4.1" -.fdsnotice -.fdswarpdepfile=warp_dependencies.txt -.fdselabdepfile=elab_dependencies.txt -.fdsbldfile=generated_files.txt -.fdsreffile=referenced_files.txt -p C:\Git\WW101\ww101-shield\kit_firmware\PSoC_Example_Projects\Bootloader.cydsn\Bootloader.cyprj -d CY8C4A45AZI-483 -s C:\Git\WW101\ww101-shield\kit_firmware\PSoC_Example_Projects\Bootloader.cydsn\Generated_Source\PSoC4 -- -yv2 -q10 -ygs -o2 -v3 -.fftcfgtype=LE
Elaborating Design...
HDL Generation...
Synthesis...
Tech Mapping...
Info: mpr.M0053: Information from the design wide resources Pin Editor has overridden the control file entry for "\I2C_Slave:sda(0)\". (App=cydsfit)
Info: mpr.M0053: Information from the design wide resources Pin Editor has overridden the control file entry for "\I2C_Slave:scl(0)\". (App=cydsfit)
Analog Placement...
Analog Routing...
Analog Code Generation...
Digital Placement...
Digital Routing...
Bitstream Generation...
Bitstream Verification...
Static timing analysis...
API Generation...
Dependency Generation...
Cleanup...
arm-none-eabi-gcc.exe -c main.c -o .\CortexM0p\ARM_GCC_541\Release\main.o -mcpu=cortex-m0plus -mthumb -I. -IGenerated_Source\PSoC4 -Wa,-alh=.\CortexM0p\ARM_GCC_541\Release/main.lst -g -D NDEBUG -Wall -ffunction-sections -ffat-lto-objects -Os
arm-none-eabi-gcc.exe -c Generated_Source\PSoC4\cyfitter_cfg.c -o .\CortexM0p\ARM_GCC_541\Release\cyfitter_cfg.o -mcpu=cortex-m0plus -mthumb -I. -IGenerated_Source\PSoC4 -Wa,-alh=.\CortexM0p\ARM_GCC_541\Release/cyfitter_cfg.lst -g -D NDEBUG -Wall -ffunction-sections -ffat-lto-objects -Os
arm-none-eabi-gcc.exe -c Generated_Source\PSoC4\cymetadata.c -o .\CortexM0p\ARM_GCC_541\Release\cymetadata.o -mcpu=cortex-m0plus -mthumb -I. -IGenerated_Source\PSoC4 -Wa,-alh=.\CortexM0p\ARM_GCC_541\Release/cymetadata.lst -g -D NDEBUG -Wall -ffunction-sections -ffat-lto-objects -Os
arm-none-eabi-gcc.exe -c Generated_Source\PSoC4\I2C_Slave.c -o .\CortexM0p\ARM_GCC_541\Release\I2C_Slave.o -mcpu=cortex-m0plus -mthumb -I. -IGenerated_Source\PSoC4 -Wa,-alh=.\CortexM0p\ARM_GCC_541\Release/I2C_Slave.lst -g -D NDEBUG -Wall -ffunction-sections -ffat-lto-objects -Os
arm-none-eabi-gcc.exe -c Generated_Source\PSoC4\I2C_Slave_I2C_INT.c -o .\CortexM0p\ARM_GCC_541\Release\I2C_Slave_I2C_INT.o -mcpu=cortex-m0plus -mthumb -I. -IGenerated_Source\PSoC4 -Wa,-alh=.\CortexM0p\ARM_GCC_541\Release/I2C_Slave_I2C_INT.lst -g -D NDEBUG -Wall -ffunction-sections -ffat-lto-objects -Os
arm-none-eabi-gcc.exe -c Generated_Source\PSoC4\I2C_Slave_I2C.c -o .\CortexM0p\ARM_GCC_541\Release\I2C_Slave_I2C.o -mcpu=cortex-m0plus -mthumb -I. -IGenerated_Source\PSoC4 -Wa,-alh=.\CortexM0p\ARM_GCC_541\Release/I2C_Slave_I2C.lst -g -D NDEBUG -Wall -ffunction-sections -ffat-lto-objects -Os
arm-none-eabi-gcc.exe -c Generated_Source\PSoC4\I2C_Slave_I2C_BOOT.c -o .\CortexM0p\ARM_GCC_541\Release\I2C_Slave_I2C_BOOT.o -mcpu=cortex-m0plus -mthumb -I. -IGenerated_Source\PSoC4 -Wa,-alh=.\CortexM0p\ARM_GCC_541\Release/I2C_Slave_I2C_BOOT.lst -g -D NDEBUG -Wall -ffunction-sections -ffat-lto-objects -Os
arm-none-eabi-gcc.exe -c Generated_Source\PSoC4\I2C_Slave_I2C_SLAVE.c -o .\CortexM0p\ARM_GCC_541\Release\I2C_Slave_I2C_SLAVE.o -mcpu=cortex-m0plus -mthumb -I. -IGenerated_Source\PSoC4 -Wa,-alh=.\CortexM0p\ARM_GCC_541\Release/I2C_Slave_I2C_SLAVE.lst -g -D NDEBUG -Wall -ffunction-sections -ffat-lto-objects -Os
arm-none-eabi-gcc.exe -c Generated_Source\PSoC4\I2C_Slave_PM.c -o .\CortexM0p\ARM_GCC_541\Release\I2C_Slave_PM.o -mcpu=cortex-m0plus -mthumb -I. -IGenerated_Source\PSoC4 -Wa,-alh=.\CortexM0p\ARM_GCC_541\Release/I2C_Slave_PM.lst -g -D NDEBUG -Wall -ffunction-sections -ffat-lto-objects -Os
arm-none-eabi-gcc.exe -c Generated_Source\PSoC4\I2C_Slave_BOOT.c -o .\CortexM0p\ARM_GCC_541\Release\I2C_Slave_BOOT.o -mcpu=cortex-m0plus -mthumb -I. -IGenerated_Source\PSoC4 -Wa,-alh=.\CortexM0p\ARM_GCC_541\Release/I2C_Slave_BOOT.lst -g -D NDEBUG -Wall -ffunction-sections -ffat-lto-objects -Os
arm-none-eabi-gcc.exe -c Generated_Source\PSoC4\Bootloader.c -o .\CortexM0p\ARM_GCC_541\Release\Bootloader.o -mcpu=cortex-m0plus -mthumb -I. -IGenerated_Source\PSoC4 -Wa,-alh=.\CortexM0p\ARM_GCC_541\Release/Bootloader.lst -g -D NDEBUG -Wall -ffunction-sections -ffat-lto-objects -Os
arm-none-eabi-gcc.exe -c Generated_Source\PSoC4\Bootloader_Status1.c -o .\CortexM0p\ARM_GCC_541\Release\Bootloader_Status1.o -mcpu=cortex-m0plus -mthumb -I. -IGenerated_Source\PSoC4 -Wa,-alh=.\CortexM0p\ARM_GCC_541\Release/Bootloader_Status1.lst -g -D NDEBUG -Wall -ffunction-sections -ffat-lto-objects -Os
arm-none-eabi-gcc.exe -c Generated_Source\PSoC4\Bootloader_Status1_PM.c -o .\CortexM0p\ARM_GCC_541\Release\Bootloader_Status1_PM.o -mcpu=cortex-m0plus -mthumb -I. -IGenerated_Source\PSoC4 -Wa,-alh=.\CortexM0p\ARM_GCC_541\Release/Bootloader_Status1_PM.lst -g -D NDEBUG -Wall -ffunction-sections -ffat-lto-objects -Os
arm-none-eabi-gcc.exe -c Generated_Source\PSoC4\PWM_1.c -o .\CortexM0p\ARM_GCC_541\Release\PWM_1.o -mcpu=cortex-m0plus -mthumb -I. -IGenerated_Source\PSoC4 -Wa,-alh=.\CortexM0p\ARM_GCC_541\Release/PWM_1.lst -g -D NDEBUG -Wall -ffunction-sections -ffat-lto-objects -Os
arm-none-eabi-gcc.exe -c Generated_Source\PSoC4\PWM_1_PM.c -o .\CortexM0p\ARM_GCC_541\Release\PWM_1_PM.o -mcpu=cortex-m0plus -mthumb -I. -IGenerated_Source\PSoC4 -Wa,-alh=.\CortexM0p\ARM_GCC_541\Release/PWM_1_PM.lst -g -D NDEBUG -Wall -ffunction-sections -ffat-lto-objects -Os
arm-none-eabi-gcc.exe -c Generated_Source\PSoC4\Bootloader_Status2.c -o .\CortexM0p\ARM_GCC_541\Release\Bootloader_Status2.o -mcpu=cortex-m0plus -mthumb -I. -IGenerated_Source\PSoC4 -Wa,-alh=.\CortexM0p\ARM_GCC_541\Release/Bootloader_Status2.lst -g -D NDEBUG -Wall -ffunction-sections -ffat-lto-objects -Os
arm-none-eabi-gcc.exe -c Generated_Source\PSoC4\Bootloader_Status2_PM.c -o .\CortexM0p\ARM_GCC_541\Release\Bootloader_Status2_PM.o -mcpu=cortex-m0plus -mthumb -I. -IGenerated_Source\PSoC4 -Wa,-alh=.\CortexM0p\ARM_GCC_541\Release/Bootloader_Status2_PM.lst -g -D NDEBUG -Wall -ffunction-sections -ffat-lto-objects -Os
arm-none-eabi-gcc.exe -c Generated_Source\PSoC4\Clock_2.c -o .\CortexM0p\ARM_GCC_541\Release\Clock_2.o -mcpu=cortex-m0plus -mthumb -I. -IGenerated_Source\PSoC4 -Wa,-alh=.\CortexM0p\ARM_GCC_541\Release/Clock_2.lst -g -D NDEBUG -Wall -ffunction-sections -ffat-lto-objects -Os
arm-none-eabi-gcc.exe -c Generated_Source\PSoC4\I2C_Slave_SCBCLK.c -o .\CortexM0p\ARM_GCC_541\Release\I2C_Slave_SCBCLK.o -mcpu=cortex-m0plus -mthumb -I. -IGenerated_Source\PSoC4 -Wa,-alh=.\CortexM0p\ARM_GCC_541\Release/I2C_Slave_SCBCLK.lst -g -D NDEBUG -Wall -ffunction-sections -ffat-lto-objects -Os
arm-none-eabi-gcc.exe -c Generated_Source\PSoC4\I2C_Slave_sda.c -o .\CortexM0p\ARM_GCC_541\Release\I2C_Slave_sda.o -mcpu=cortex-m0plus -mthumb -I. -IGenerated_Source\PSoC4 -Wa,-alh=.\CortexM0p\ARM_GCC_541\Release/I2C_Slave_sda.lst -g -D NDEBUG -Wall -ffunction-sections -ffat-lto-objects -Os
arm-none-eabi-gcc.exe -c Generated_Source\PSoC4\I2C_Slave_sda_PM.c -o .\CortexM0p\ARM_GCC_541\Release\I2C_Slave_sda_PM.o -mcpu=cortex-m0plus -mthumb -I. -IGenerated_Source\PSoC4 -Wa,-alh=.\CortexM0p\ARM_GCC_541\Release/I2C_Slave_sda_PM.lst -g -D NDEBUG -Wall -ffunction-sections -ffat-lto-objects -Os
arm-none-eabi-gcc.exe -c Generated_Source\PSoC4\I2C_Slave_scl.c -o .\CortexM0p\ARM_GCC_541\Release\I2C_Slave_scl.o -mcpu=cortex-m0plus -mthumb -I. -IGenerated_Source\PSoC4 -Wa,-alh=.\CortexM0p\ARM_GCC_541\Release/I2C_Slave_scl.lst -g -D NDEBUG -Wall -ffunction-sections -ffat-lto-objects -Os
arm-none-eabi-gcc.exe -c Generated_Source\PSoC4\I2C_Slave_scl_PM.c -o .\CortexM0p\ARM_GCC_541\Release\I2C_Slave_scl_PM.o -mcpu=cortex-m0plus -mthumb -I. -IGenerated_Source\PSoC4 -Wa,-alh=.\CortexM0p\ARM_GCC_541\Release/I2C_Slave_scl_PM.lst -g -D NDEBUG -Wall -ffunction-sections -ffat-lto-objects -Os
arm-none-eabi-gcc.exe -c Generated_Source\PSoC4\I2C_Slave_SCB_IRQ.c -o .\CortexM0p\ARM_GCC_541\Release\I2C_Slave_SCB_IRQ.o -mcpu=cortex-m0plus -mthumb -I. -IGenerated_Source\PSoC4 -Wa,-alh=.\CortexM0p\ARM_GCC_541\Release/I2C_Slave_SCB_IRQ.lst -g -D NDEBUG -Wall -ffunction-sections -ffat-lto-objects -Os
arm-none-eabi-gcc.exe -c Generated_Source\PSoC4\Cm0plusStart.c -o .\CortexM0p\ARM_GCC_541\Release\Cm0plusStart.o -mcpu=cortex-m0plus -mthumb -I. -IGenerated_Source\PSoC4 -Wa,-alh=.\CortexM0p\ARM_GCC_541\Release/Cm0plusStart.lst -g -D NDEBUG -Wall -ffunction-sections -ffat-lto-objects -Os
arm-none-eabi-gcc.exe -c Generated_Source\PSoC4\CyFlash.c -o .\CortexM0p\ARM_GCC_541\Release\CyFlash.o -mcpu=cortex-m0plus -mthumb -I. -IGenerated_Source\PSoC4 -Wa,-alh=.\CortexM0p\ARM_GCC_541\Release/CyFlash.lst -g -D NDEBUG -Wall -ffunction-sections -ffat-lto-objects -Os
arm-none-eabi-gcc.exe -c Generated_Source\PSoC4\CyLib.c -o .\CortexM0p\ARM_GCC_541\Release\CyLib.o -mcpu=cortex-m0plus -mthumb -I. -IGenerated_Source\PSoC4 -Wa,-alh=.\CortexM0p\ARM_GCC_541\Release/CyLib.lst -g -D NDEBUG -Wall -ffunction-sections -ffat-lto-objects -Os
arm-none-eabi-gcc.exe -c Generated_Source\PSoC4\cyPm.c -o .\CortexM0p\ARM_GCC_541\Release\cyPm.o -mcpu=cortex-m0plus -mthumb -I. -IGenerated_Source\PSoC4 -Wa,-alh=.\CortexM0p\ARM_GCC_541\Release/cyPm.lst -g -D NDEBUG -Wall -ffunction-sections -ffat-lto-objects -Os
arm-none-eabi-gcc.exe -c Generated_Source\PSoC4\cyutils.c -o .\CortexM0p\ARM_GCC_541\Release\cyutils.o -mcpu=cortex-m0plus -mthumb -I. -IGenerated_Source\PSoC4 -Wa,-alh=.\CortexM0p\ARM_GCC_541\Release/cyutils.lst -g -D NDEBUG -Wall -ffunction-sections -ffat-lto-objects -Os
arm-none-eabi-gcc.exe -c Generated_Source\PSoC4\CyDMA.c -o .\CortexM0p\ARM_GCC_541\Release\CyDMA.o -mcpu=cortex-m0plus -mthumb -I. -IGenerated_Source\PSoC4 -Wa,-alh=.\CortexM0p\ARM_GCC_541\Release/CyDMA.lst -g -D NDEBUG -Wall -ffunction-sections -ffat-lto-objects -Os
arm-none-eabi-gcc.exe -c Generated_Source\PSoC4\CyLFClk.c -o .\CortexM0p\ARM_GCC_541\Release\CyLFClk.o -mcpu=cortex-m0plus -mthumb -I. -IGenerated_Source\PSoC4 -Wa,-alh=.\CortexM0p\ARM_GCC_541\Release/CyLFClk.lst -g -D NDEBUG -Wall -ffunction-sections -ffat-lto-objects -Os
arm-none-eabi-gcc.exe -c Generated_Source\PSoC4\SmartIO_1.c -o .\CortexM0p\ARM_GCC_541\Release\SmartIO_1.o -mcpu=cortex-m0plus -mthumb -I. -IGenerated_Source\PSoC4 -Wa,-alh=.\CortexM0p\ARM_GCC_541\Release/SmartIO_1.lst -g -D NDEBUG -Wall -ffunction-sections -ffat-lto-objects -Os
arm-none-eabi-as.exe -o .\CortexM0p\ARM_GCC_541\Release\CyBootAsmGnu.o Generated_Source\PSoC4\CyBootAsmGnu.s -mcpu=cortex-m0plus -mthumb -I. -IGenerated_Source\PSoC4 -alh=.\CortexM0p\ARM_GCC_541\Release/CyBootAsmGnu.lst -g -W
arm-none-eabi-ar.exe -rs .\CortexM0p\ARM_GCC_541\Release\Bootloader.a .\CortexM0p\ARM_GCC_541\Release\I2C_Slave.o .\CortexM0p\ARM_GCC_541\Release\I2C_Slave_I2C_INT.o .\CortexM0p\ARM_GCC_541\Release\I2C_Slave_I2C.o .\CortexM0p\ARM_GCC_541\Release\I2C_Slave_I2C_BOOT.o .\CortexM0p\ARM_GCC_541\Release\I2C_Slave_I2C_SLAVE.o .\CortexM0p\ARM_GCC_541\Release\I2C_Slave_PM.o .\CortexM0p\ARM_GCC_541\Release\I2C_Slave_BOOT.o .\CortexM0p\ARM_GCC_541\Release\Bootloader.o .\CortexM0p\ARM_GCC_541\Release\Bootloader_Status1.o .\CortexM0p\ARM_GCC_541\Release\Bootloader_Status1_PM.o .\CortexM0p\ARM_GCC_541\Release\PWM_1.o .\CortexM0p\ARM_GCC_541\Release\PWM_1_PM.o .\CortexM0p\ARM_GCC_541\Release\Bootloader_Status2.o .\CortexM0p\ARM_GCC_541\Release\Bootloader_Status2_PM.o .\CortexM0p\ARM_GCC_541\Release\Clock_2.o .\CortexM0p\ARM_GCC_541\Release\I2C_Slave_SCBCLK.o .\CortexM0p\ARM_GCC_541\Release\I2C_Slave_sda.o .\CortexM0p\ARM_GCC_541\Release\I2C_Slave_sda_PM.o .\CortexM0p\ARM_GCC_541\Release\I2C_Slave_scl.o .\CortexM0p\ARM_GCC_541\Release\I2C_Slave_scl_PM.o .\CortexM0p\ARM_GCC_541\Release\I2C_Slave_SCB_IRQ.o .\CortexM0p\ARM_GCC_541\Release\CyFlash.o .\CortexM0p\ARM_GCC_541\Release\CyLib.o .\CortexM0p\ARM_GCC_541\Release\cyPm.o .\CortexM0p\ARM_GCC_541\Release\cyutils.o .\CortexM0p\ARM_GCC_541\Release\CyDMA.o .\CortexM0p\ARM_GCC_541\Release\CyLFClk.o .\CortexM0p\ARM_GCC_541\Release\SmartIO_1.o .\CortexM0p\ARM_GCC_541\Release\CyBootAsmGnu.o
arm-none-eabi-ar.exe: creating .\CortexM0p\ARM_GCC_541\Release\Bootloader.a
arm-none-eabi-gcc.exe -Wl,--start-group -o C:\Git\WW101\ww101-shield\kit_firmware\PSoC_Example_Projects\Bootloader.cydsn\CortexM0p\ARM_GCC_541\Release\Bootloader.elf .\CortexM0p\ARM_GCC_541\Release\main.o .\CortexM0p\ARM_GCC_541\Release\cyfitter_cfg.o .\CortexM0p\ARM_GCC_541\Release\cymetadata.o .\CortexM0p\ARM_GCC_541\Release\Cm0plusStart.o .\CortexM0p\ARM_GCC_541\Release\Bootloader.a -mcpu=cortex-m0plus -mthumb -L Generated_Source\PSoC4 -Wl,-Map,.\CortexM0p\ARM_GCC_541\Release/Bootloader.map -T Generated_Source\PSoC4\cm0plusgcc.ld -specs=nano.specs -Wl,--gc-sections -g -ffunction-sections -Os -ffat-lto-objects -Wl,--end-group
cyelftool.exe -P C:\Git\WW101\ww101-shield\kit_firmware\PSoC_Example_Projects\Bootloader.cydsn\CortexM0p\ARM_GCC_541\Release\Bootloader.elf --flash_row_size 128 --flash_size 32768 --flash_offset 0x00000000 --size_var_name Bootloader_SizeBytes --checksum_var_name Bootloader_Checksum --ignore 0xC0
cyelftool.exe -S C:\Git\WW101\ww101-shield\kit_firmware\PSoC_Example_Projects\Bootloader.cydsn\CortexM0p\ARM_GCC_541\Release\Bootloader.elf
Flash used: 5637 of 32768 bytes (17.2 %). Application: 5509 bytes. Metadata: 128 bytes.
SRAM used: 1816 of 4096 bytes (44.3 %). Stack: 1024 bytes. Heap: 256 bytes.
--------------- Rebuild Succeeded: 10/09/2017 10:56:26 ---------------
