--------------- Build Started: 10/26/2017 14:34:24 Project: Shield, Configuration: ARM GCC 5.4-2016-q2-update Release ---------------
cydsfit.exe -.appdatapath "C:\Users\gjl\AppData\Local\Cypress Semiconductor\PSoC Creator\4.1" -.fdsnotice -.fdswarpdepfile=warp_dependencies.txt -.fdselabdepfile=elab_dependencies.txt -.fdsbldfile=generated_files.txt -.fdsreffile=referenced_files.txt -p C:\Git\WW101\ww101-shield\firmware\Shield.cydsn\Shield.cyprj -d CY8C4A45AZI-483 -s C:\Git\WW101\ww101-shield\firmware\Shield.cydsn\Generated_Source\PSoC4 -- -yv2 -q10 -ygs -o2 -v3 -.fftcfgtype=LE
Elaborating Design...
ADD: sdb.M0061: information: Info from component: VDAC. The UAB_VDAC_v1_10 component (VDAC) is a prototype component. It has not been tested to production quality and care should be taken if used in a shipping product.
 * C:\Git\WW101\ww101-shield\firmware\Shield.cydsn\TopDesign\TopDesign.cysch (Instance:VDAC)
HDL Generation...
Synthesis...
Tech Mapping...
Analog Placement...
Info: plm.M0038: The pin named \CapSense:Sns(5)\ at location [IOP=(2)][IoId=(3)] prevents usage of special purposes: F(OA,1). (App=cydsfit)
Analog Routing...
Analog Code Generation...
Digital Placement...
Digital Routing...
Bitstream Generation...
Bitstream Verification...
Static timing analysis...
API Generation...
Dependency Generation...
Cleanup...
The compile step is up to date, no work needs to be done.
The link step is up to date, no work needs to be done.
--------------- Build Succeeded: 10/26/2017 14:34:43 ---------------
