--------------- Clean Started: 03/01/2017 17:54:56 Project: WW101-Shield, Configuration: ARM GCC 5.4-2016-q2-update Release ---------------
Deleting file ".\CortexM0p\ARM_GCC_541\Release\main.o"
Deleting file ".\CortexM0p\ARM_GCC_541\Release\cyfitter_cfg.o"
Deleting file ".\CortexM0p\ARM_GCC_541\Release\cybootloader.o"
Deleting file ".\CortexM0p\ARM_GCC_541\Release\cymetadata.o"
Deleting file ".\CortexM0p\ARM_GCC_541\Release\D9.o"
Deleting file ".\CortexM0p\ARM_GCC_541\Release\D9_PM.o"
Deleting file ".\CortexM0p\ARM_GCC_541\Release\Thermistor.o"
Deleting file ".\CortexM0p\ARM_GCC_541\Release\MB1.o"
Deleting file ".\CortexM0p\ARM_GCC_541\Release\MB1_PM.o"
Deleting file ".\CortexM0p\ARM_GCC_541\Release\MB0.o"
Deleting file ".\CortexM0p\ARM_GCC_541\Release\MB0_PM.o"
Deleting file ".\CortexM0p\ARM_GCC_541\Release\LED1.o"
Deleting file ".\CortexM0p\ARM_GCC_541\Release\LED1_PM.o"
Deleting file ".\CortexM0p\ARM_GCC_541\Release\LED0.o"
Deleting file ".\CortexM0p\ARM_GCC_541\Release\LED0_PM.o"
Deleting file ".\CortexM0p\ARM_GCC_541\Release\VDAC_A1.o"
Deleting file ".\CortexM0p\ARM_GCC_541\Release\VDAC_A1_PM.o"
Deleting file ".\CortexM0p\ARM_GCC_541\Release\VDAC.o"
Deleting file ".\CortexM0p\ARM_GCC_541\Release\VDAC_PM.o"
Deleting file ".\CortexM0p\ARM_GCC_541\Release\CapSense_Control.o"
Deleting file ".\CortexM0p\ARM_GCC_541\Release\CapSense_Processing.o"
Deleting file ".\CortexM0p\ARM_GCC_541\Release\CapSense_Structure.o"
Deleting file ".\CortexM0p\ARM_GCC_541\Release\CapSense_Tuner.o"
Deleting file ".\CortexM0p\ARM_GCC_541\Release\CapSense_Filter.o"
Deleting file ".\CortexM0p\ARM_GCC_541\Release\CapSense_Sensing.o"
Deleting file ".\CortexM0p\ARM_GCC_541\Release\CapSense_INT.o"
Deleting file ".\CortexM0p\ARM_GCC_541\Release\CapSense_SensingCSD_LL.o"
Deleting file ".\CortexM0p\ARM_GCC_541\Release\CBLED3.o"
Deleting file ".\CortexM0p\ARM_GCC_541\Release\CBLED3_PM.o"
Deleting file ".\CortexM0p\ARM_GCC_541\Release\D5.o"
Deleting file ".\CortexM0p\ARM_GCC_541\Release\D5_PM.o"
Deleting file ".\CortexM0p\ARM_GCC_541\Release\D3.o"
Deleting file ".\CortexM0p\ARM_GCC_541\Release\D3_PM.o"
Deleting file ".\CortexM0p\ARM_GCC_541\Release\UART.o"
Deleting file ".\CortexM0p\ARM_GCC_541\Release\UART_SPI_UART.o"
Deleting file ".\CortexM0p\ARM_GCC_541\Release\UART_SPI_UART_INT.o"
Deleting file ".\CortexM0p\ARM_GCC_541\Release\UART_PM.o"
Deleting file ".\CortexM0p\ARM_GCC_541\Release\UART_UART.o"
Deleting file ".\CortexM0p\ARM_GCC_541\Release\UART_BOOT.o"
Deleting file ".\CortexM0p\ARM_GCC_541\Release\UART_UART_BOOT.o"
Deleting file ".\CortexM0p\ARM_GCC_541\Release\EZI2C.o"
Deleting file ".\CortexM0p\ARM_GCC_541\Release\EZI2C_PM.o"
Deleting file ".\CortexM0p\ARM_GCC_541\Release\EZI2C_BOOT.o"
Deleting file ".\CortexM0p\ARM_GCC_541\Release\EZI2C_EZI2C.o"
Deleting file ".\CortexM0p\ARM_GCC_541\Release\EZI2C_EZI2C_INT.o"
Deleting file ".\CortexM0p\ARM_GCC_541\Release\EZI2C_EZI2C_BOOT.o"
Deleting file ".\CortexM0p\ARM_GCC_541\Release\Bootloadable.o"
Deleting file ".\CortexM0p\ARM_GCC_541\Release\BootloadTimer.o"
Deleting file ".\CortexM0p\ARM_GCC_541\Release\BootloadTimer_PM.o"
Deleting file ".\CortexM0p\ARM_GCC_541\Release\Clock_1.o"
Deleting file ".\CortexM0p\ARM_GCC_541\Release\BL_INT.o"
Deleting file ".\CortexM0p\ARM_GCC_541\Release\CBLED0.o"
Deleting file ".\CortexM0p\ARM_GCC_541\Release\CBLED0_PM.o"
Deleting file ".\CortexM0p\ARM_GCC_541\Release\D10.o"
Deleting file ".\CortexM0p\ARM_GCC_541\Release\D10_PM.o"
Deleting file ".\CortexM0p\ARM_GCC_541\Release\CBLED1.o"
Deleting file ".\CortexM0p\ARM_GCC_541\Release\CBLED1_PM.o"
Deleting file ".\CortexM0p\ARM_GCC_541\Release\CBLED2.o"
Deleting file ".\CortexM0p\ARM_GCC_541\Release\CBLED2_PM.o"
Deleting file ".\CortexM0p\ARM_GCC_541\Release\POT_A2.o"
Deleting file ".\CortexM0p\ARM_GCC_541\Release\POT_A2_PM.o"
Deleting file ".\CortexM0p\ARM_GCC_541\Release\PVref_ALS.o"
Deleting file ".\CortexM0p\ARM_GCC_541\Release\PVref_ALS_PM.o"
Deleting file ".\CortexM0p\ARM_GCC_541\Release\TIA_OUT_A0.o"
Deleting file ".\CortexM0p\ARM_GCC_541\Release\TIA_OUT_A0_PM.o"
Deleting file ".\CortexM0p\ARM_GCC_541\Release\TIA_IN.o"
Deleting file ".\CortexM0p\ARM_GCC_541\Release\TIA_IN_PM.o"
Deleting file ".\CortexM0p\ARM_GCC_541\Release\Opamp_ALS2.o"
Deleting file ".\CortexM0p\ARM_GCC_541\Release\Opamp_ALS2_PM.o"
Deleting file ".\CortexM0p\ARM_GCC_541\Release\Opamp_ALS1.o"
Deleting file ".\CortexM0p\ARM_GCC_541\Release\Opamp_ALS1_PM.o"
Deleting file ".\CortexM0p\ARM_GCC_541\Release\THERM_REF_LO.o"
Deleting file ".\CortexM0p\ARM_GCC_541\Release\THERM_REF_LO_PM.o"
Deleting file ".\CortexM0p\ARM_GCC_541\Release\THERM_REF_MID.o"
Deleting file ".\CortexM0p\ARM_GCC_541\Release\THERM_REF_MID_PM.o"
Deleting file ".\CortexM0p\ARM_GCC_541\Release\THERM_REF_HI.o"
Deleting file ".\CortexM0p\ARM_GCC_541\Release\THERM_REF_HI_PM.o"
Deleting file ".\CortexM0p\ARM_GCC_541\Release\THERM_BUF.o"
Deleting file ".\CortexM0p\ARM_GCC_541\Release\THERM_BUF_PM.o"
Deleting file ".\CortexM0p\ARM_GCC_541\Release\ADC.o"
Deleting file ".\CortexM0p\ARM_GCC_541\Release\ADC_PM.o"
Deleting file ".\CortexM0p\ARM_GCC_541\Release\ADC_INIT.o"
Deleting file ".\CortexM0p\ARM_GCC_541\Release\ADC_INT.o"
Deleting file ".\CortexM0p\ARM_GCC_541\Release\Opamp_Therm.o"
Deleting file ".\CortexM0p\ARM_GCC_541\Release\Opamp_Therm_PM.o"
Deleting file ".\CortexM0p\ARM_GCC_541\Release\PVref_Therm.o"
Deleting file ".\CortexM0p\ARM_GCC_541\Release\PVref_Therm_PM.o"
Deleting file ".\CortexM0p\ARM_GCC_541\Release\SmartIO.o"
Deleting file ".\CortexM0p\ARM_GCC_541\Release\VDAC_internalClock.o"
Deleting file ".\CortexM0p\ARM_GCC_541\Release\VDAC_UAB.o"
Deleting file ".\CortexM0p\ARM_GCC_541\Release\VDAC_UAB_CyUAB.o"
Deleting file ".\CortexM0p\ARM_GCC_541\Release\VDAC_OUTBUFFER.o"
Deleting file ".\CortexM0p\ARM_GCC_541\Release\VDAC_OUTBUFFER_PM.o"
Deleting file ".\CortexM0p\ARM_GCC_541\Release\CapSense_ISR.o"
Deleting file ".\CortexM0p\ARM_GCC_541\Release\UART_SCBCLK.o"
Deleting file ".\CortexM0p\ARM_GCC_541\Release\UART_tx.o"
Deleting file ".\CortexM0p\ARM_GCC_541\Release\UART_tx_PM.o"
Deleting file ".\CortexM0p\ARM_GCC_541\Release\UART_rx.o"
Deleting file ".\CortexM0p\ARM_GCC_541\Release\UART_rx_PM.o"
Deleting file ".\CortexM0p\ARM_GCC_541\Release\EZI2C_SCBCLK.o"
Deleting file ".\CortexM0p\ARM_GCC_541\Release\EZI2C_sda.o"
Deleting file ".\CortexM0p\ARM_GCC_541\Release\EZI2C_sda_PM.o"
Deleting file ".\CortexM0p\ARM_GCC_541\Release\EZI2C_scl.o"
Deleting file ".\CortexM0p\ARM_GCC_541\Release\EZI2C_scl_PM.o"
Deleting file ".\CortexM0p\ARM_GCC_541\Release\EZI2C_SCB_IRQ.o"
Deleting file ".\CortexM0p\ARM_GCC_541\Release\ADC_intSarClock.o"
Deleting file ".\CortexM0p\ARM_GCC_541\Release\ADC_IRQ.o"
Deleting file ".\CortexM0p\ARM_GCC_541\Release\ADC_intUabClock.o"
Deleting file ".\CortexM0p\ARM_GCC_541\Release\Cm0plusStart.o"
Deleting file ".\CortexM0p\ARM_GCC_541\Release\CyFlash.o"
Deleting file ".\CortexM0p\ARM_GCC_541\Release\CyLib.o"
Deleting file ".\CortexM0p\ARM_GCC_541\Release\cyPm.o"
Deleting file ".\CortexM0p\ARM_GCC_541\Release\cyutils.o"
Deleting file ".\CortexM0p\ARM_GCC_541\Release\CyBootAsmGnu.o"
Deleting file ".\CortexM0p\ARM_GCC_541\Release\CyDMA.o"
Deleting file ".\CortexM0p\ARM_GCC_541\Release\CyLFClk.o"
Deleting file ".\CortexM0p\ARM_GCC_541\Release\WW101-Shield.hex"
Deleting file ".\CortexM0p\ARM_GCC_541\Release\WW101-Shield.elf"
Deleting file ".\CortexM0p\ARM_GCC_541\Release\WW101-Shield.map"
Deleting file ".\CortexM0p\ARM_GCC_541\Release\WW101-Shield.cyacd"
Deleting file ".\WW101-Shield.cycdx"
Deleting file ".\WW101-Shield.rpt"
Deleting file ".\CortexM0p\ARM_GCC_541\Release\.deps\SOURCE_C__ARM_GCC_GENERIC.P"
--------------- Clean Succeeded: 03/01/2017 17:55:01 ---------------
